{"name": "Login to OrangeHRM with multiple parameters -- @1.4 ", "status": "failed", "statusDetails": {"message": "AssertionError: Test got failed: Message: \nStacktrace:\n\tGetHandleVerifier [0x00007FF63897FB05+28789]\n\t(No symbol) [0x00007FF6388E86E0]\n\t(No symbol) [0x00007FF63878592A]\n\t(No symbol) [0x00007FF6387D930E]\n\t(No symbol) [0x00007FF6387D95FC]\n\t(No symbol) [0x00007FF6388228A7]\n\t(No symbol) [0x00007FF6387FF47F]\n\t(No symbol) [0x00007FF63881F654]\n\t(No symbol) [0x00007FF6387FF1E3]\n\t(No symbol) [0x00007FF6387CA938]\n\t(No symbol) [0x00007FF6387CBAA1]\n\tGetHandleVerifier [0x00007FF638CB933D+3410093]\n\tGetHandleVerifier [0x00007FF638CCE7DD+3497293]\n\tGetHandleVerifier [0x00007FF638CC2A73+3448803]\n\tGetHandleVerifier [0x00007FF638A47BBB+848171]\n\t(No symbol) [0x00007FF6388F3C3F]\n\t(No symbol) [0x00007FF6388EF6E4]\n\t(No symbol) [0x00007FF6388EF87D]\n\t(No symbol) [0x00007FF6388DED49]\n\tBaseThreadInitThunk [0x00007FF80542257D+29]\n\tRtlUserThreadStart [0x00007FF8065CAF28+40]\n\n", "trace": "  File \"C:\\Users\\somwansa\\PycharmProjects\\BehaveDemoProject\\venv\\Lib\\site-packages\\behave\\model.py\", line 1329, in run\n    match.run(runner.context)\n  File \"C:\\Users\\somwansa\\PycharmProjects\\BehaveDemoProject\\venv\\Lib\\site-packages\\behave\\matchers.py\", line 98, in run\n    self.func(context, *args, **kwargs)\n  File \"features\\steps\\HRMLoginsteps.py\", line 42, in VerifyPage\n    assert False, f\"Test got failed: {e}\"\n"}, "steps": [{"name": "Given I launch chrome browser", "status": "passed", "start": 1734983076895, "stop": 1734983078127}, {"name": "When I open orange hrm homepage", "status": "passed", "start": 1734983078127, "stop": 1734983083800}, {"name": "And Enter username \"admin\" and password \"adminxy\"", "status": "passed", "start": 1734983083800, "stop": 1734983084905}, {"name": "And Click on Login button", "status": "passed", "start": 1734983084905, "stop": 1734983084986}, {"name": "Then User must successfully login to the HRM Dashboard page", "status": "failed", "statusDetails": {"message": "AssertionError: Test got failed: Message: \nStacktrace:\n\tGetHandleVerifier [0x00007FF63897FB05+28789]\n\t(No symbol) [0x00007FF6388E86E0]\n\t(No symbol) [0x00007FF63878592A]\n\t(No symbol) [0x00007FF6387D930E]\n\t(No symbol) [0x00007FF6387D95FC]\n\t(No symbol) [0x00007FF6388228A7]\n\t(No symbol) [0x00007FF6387FF47F]\n\t(No symbol) [0x00007FF63881F654]\n\t(No symbol) [0x00007FF6387FF1E3]\n\t(No symbol) [0x00007FF6387CA938]\n\t(No symbol) [0x00007FF6387CBAA1]\n\tGetHandleVerifier [0x00007FF638CB933D+3410093]\n\tGetHandleVerifier [0x00007FF638CCE7DD+3497293]\n\tGetHandleVerifier [0x00007FF638CC2A73+3448803]\n\tGetHandleVerifier [0x00007FF638A47BBB+848171]\n\t(No symbol) [0x00007FF6388F3C3F]\n\t(No symbol) [0x00007FF6388EF6E4]\n\t(No symbol) [0x00007FF6388EF87D]\n\t(No symbol) [0x00007FF6388DED49]\n\tBaseThreadInitThunk [0x00007FF80542257D+29]\n\tRtlUserThreadStart [0x00007FF8065CAF28+40]\n\n", "trace": "  File \"C:\\Users\\somwansa\\PycharmProjects\\BehaveDemoProject\\venv\\Lib\\site-packages\\behave\\model.py\", line 1329, in run\n    match.run(runner.context)\n  File \"C:\\Users\\somwansa\\PycharmProjects\\BehaveDemoProject\\venv\\Lib\\site-packages\\behave\\matchers.py\", line 98, in run\n    self.func(context, *args, **kwargs)\n  File \"features\\steps\\HRMLoginsteps.py\", line 42, in VerifyPage\n    assert False, f\"Test got failed: {e}\"\n"}, "start": 1734983084986, "stop": 1734983117911}], "parameters": [{"name": "username", "value": "admin"}, {"name": "password", "value": "adminxy"}], "start": 1734983076894, "stop": 1734983117912, "uuid": "cf53b50d-8620-4e47-bb94-a3ce48efcbd8", "historyId": "cbf210c3d04ecab1c0d165ceeadbf61d", "fullName": "OrangeHRM Login: Login to OrangeHRM with multiple parameters", "labels": [{"name": "severity", "value": "normal"}, {"name": "tag", "value": "multiple_login"}, {"name": "feature", "value": "OrangeHRM Login"}, {"name": "framework", "value": "behave"}, {"name": "language", "value": "cpython3"}]}