{"name": "Login to OrangeHRM with multiple parameters -- @1.1 ", "status": "failed", "statusDetails": {"message": "AssertionError: Test got failed: Message: \nStacktrace:\n\tGetHandleVerifier [0x00007FF63077FB05+28789]\n\t(No symbol) [0x00007FF6306E86E0]\n\t(No symbol) [0x00007FF63058592A]\n\t(No symbol) [0x00007FF6305D930E]\n\t(No symbol) [0x00007FF6305D95FC]\n\t(No symbol) [0x00007FF6306228A7]\n\t(No symbol) [0x00007FF6305FF47F]\n\t(No symbol) [0x00007FF63061F654]\n\t(No symbol) [0x00007FF6305FF1E3]\n\t(No symbol) [0x00007FF6305CA938]\n\t(No symbol) [0x00007FF6305CBAA1]\n\tGetHandleVerifier [0x00007FF630AB933D+3410093]\n\tGetHandleVerifier [0x00007FF630ACE7DD+3497293]\n\tGetHandleVerifier [0x00007FF630AC2A73+3448803]\n\tGetHandleVerifier [0x00007FF630847BBB+848171]\n\t(No symbol) [0x00007FF6306F3C3F]\n\t(No symbol) [0x00007FF6306EF6E4]\n\t(No symbol) [0x00007FF6306EF87D]\n\t(No symbol) [0x00007FF6306DED49]\n\tBaseThreadInitThunk [0x00007FFC2587257D+29]\n\tRtlUserThreadStart [0x00007FFC264EAF28+40]\n\n", "trace": "  File \"C:\\Users\\somwansa\\PycharmProjects\\BehaveDemoProject\\venv\\Lib\\site-packages\\behave\\model.py\", line 1329, in run\n    match.run(runner.context)\n  File \"C:\\Users\\somwansa\\PycharmProjects\\BehaveDemoProject\\venv\\Lib\\site-packages\\behave\\matchers.py\", line 98, in run\n    self.func(context, *args, **kwargs)\n  File \"features\\steps\\HRMLoginsteps.py\", line 42, in VerifyPage\n    assert False, f\"Test got failed: {e}\"\n"}, "steps": [{"name": "Given I launch chrome browser", "status": "passed", "start": 1735202465843, "stop": 1735202467509}, {"name": "When I open orange hrm homepage", "status": "passed", "start": 1735202467509, "stop": 1735202472920}, {"name": "And Enter username \"Admin\" and password \"admin123\"", "status": "passed", "start": 1735202472920, "stop": 1735202473974}, {"name": "And Click on Login button", "status": "passed", "start": 1735202473975, "stop": 1735202475614}, {"name": "Then User must successfully login to the HRM Dashboard page", "status": "failed", "statusDetails": {"message": "AssertionError: Test got failed: Message: \nStacktrace:\n\tGetHandleVerifier [0x00007FF63077FB05+28789]\n\t(No symbol) [0x00007FF6306E86E0]\n\t(No symbol) [0x00007FF63058592A]\n\t(No symbol) [0x00007FF6305D930E]\n\t(No symbol) [0x00007FF6305D95FC]\n\t(No symbol) [0x00007FF6306228A7]\n\t(No symbol) [0x00007FF6305FF47F]\n\t(No symbol) [0x00007FF63061F654]\n\t(No symbol) [0x00007FF6305FF1E3]\n\t(No symbol) [0x00007FF6305CA938]\n\t(No symbol) [0x00007FF6305CBAA1]\n\tGetHandleVerifier [0x00007FF630AB933D+3410093]\n\tGetHandleVerifier [0x00007FF630ACE7DD+3497293]\n\tGetHandleVerifier [0x00007FF630AC2A73+3448803]\n\tGetHandleVerifier [0x00007FF630847BBB+848171]\n\t(No symbol) [0x00007FF6306F3C3F]\n\t(No symbol) [0x00007FF6306EF6E4]\n\t(No symbol) [0x00007FF6306EF87D]\n\t(No symbol) [0x00007FF6306DED49]\n\tBaseThreadInitThunk [0x00007FFC2587257D+29]\n\tRtlUserThreadStart [0x00007FFC264EAF28+40]\n\n", "trace": "  File \"C:\\Users\\somwansa\\PycharmProjects\\BehaveDemoProject\\venv\\Lib\\site-packages\\behave\\model.py\", line 1329, in run\n    match.run(runner.context)\n  File \"C:\\Users\\somwansa\\PycharmProjects\\BehaveDemoProject\\venv\\Lib\\site-packages\\behave\\matchers.py\", line 98, in run\n    self.func(context, *args, **kwargs)\n  File \"features\\steps\\HRMLoginsteps.py\", line 42, in VerifyPage\n    assert False, f\"Test got failed: {e}\"\n"}, "start": 1735202475618, "stop": 1735202507135}], "parameters": [{"name": "username", "value": "Admin"}, {"name": "password", "value": "admin123"}], "start": 1735202465840, "stop": 1735202507137, "uuid": "2deb747c-3231-4328-bff1-cc2a83e76588", "historyId": "4b28378ec60773169eba55a6c077cd51", "fullName": "OrangeHRM Login: Login to OrangeHRM with multiple parameters", "labels": [{"name": "severity", "value": "normal"}, {"name": "tag", "value": "multiple_login"}, {"name": "feature", "value": "OrangeHRM Login"}, {"name": "framework", "value": "behave"}, {"name": "language", "value": "cpython3"}]}