{"name": "Login to OrangeHRM with multiple parameters -- @1.4 ", "status": "failed", "statusDetails": {"message": "AssertionError: Test got failed: Message: \nStacktrace:\n\tGetHandleVerifier [0x00007FF63077FB05+28789]\n\t(No symbol) [0x00007FF6306E86E0]\n\t(No symbol) [0x00007FF63058592A]\n\t(No symbol) [0x00007FF6305D930E]\n\t(No symbol) [0x00007FF6305D95FC]\n\t(No symbol) [0x00007FF6306228A7]\n\t(No symbol) [0x00007FF6305FF47F]\n\t(No symbol) [0x00007FF63061F654]\n\t(No symbol) [0x00007FF6305FF1E3]\n\t(No symbol) [0x00007FF6305CA938]\n\t(No symbol) [0x00007FF6305CBAA1]\n\tGetHandleVerifier [0x00007FF630AB933D+3410093]\n\tGetHandleVerifier [0x00007FF630ACE7DD+3497293]\n\tGetHandleVerifier [0x00007FF630AC2A73+3448803]\n\tGetHandleVerifier [0x00007FF630847BBB+848171]\n\t(No symbol) [0x00007FF6306F3C3F]\n\t(No symbol) [0x00007FF6306EF6E4]\n\t(No symbol) [0x00007FF6306EF87D]\n\t(No symbol) [0x00007FF6306DED49]\n\tBaseThreadInitThunk [0x00007FFC2587257D+29]\n\tRtlUserThreadStart [0x00007FFC264EAF28+40]\n\n", "trace": "  File \"C:\\Users\\somwansa\\PycharmProjects\\BehaveDemoProject\\venv\\Lib\\site-packages\\behave\\model.py\", line 1329, in run\n    match.run(runner.context)\n  File \"C:\\Users\\somwansa\\PycharmProjects\\BehaveDemoProject\\venv\\Lib\\site-packages\\behave\\matchers.py\", line 98, in run\n    self.func(context, *args, **kwargs)\n  File \"features\\steps\\HRMLoginsteps.py\", line 42, in VerifyPage\n    assert False, f\"Test got failed: {e}\"\n"}, "steps": [{"name": "Given I launch chrome browser", "status": "passed", "start": 1735202591023, "stop": 1735202593127}, {"name": "When I open orange hrm homepage", "status": "passed", "start": 1735202593131, "stop": 1735202598649}, {"name": "And Enter username \"admin\" and password \"adminxy\"", "status": "passed", "start": 1735202598649, "stop": 1735202600254}, {"name": "And Click on Login button", "status": "passed", "start": 1735202600254, "stop": 1735202600453}, {"name": "Then User must successfully login to the HRM Dashboard page", "status": "failed", "statusDetails": {"message": "AssertionError: Test got failed: Message: \nStacktrace:\n\tGetHandleVerifier [0x00007FF63077FB05+28789]\n\t(No symbol) [0x00007FF6306E86E0]\n\t(No symbol) [0x00007FF63058592A]\n\t(No symbol) [0x00007FF6305D930E]\n\t(No symbol) [0x00007FF6305D95FC]\n\t(No symbol) [0x00007FF6306228A7]\n\t(No symbol) [0x00007FF6305FF47F]\n\t(No symbol) [0x00007FF63061F654]\n\t(No symbol) [0x00007FF6305FF1E3]\n\t(No symbol) [0x00007FF6305CA938]\n\t(No symbol) [0x00007FF6305CBAA1]\n\tGetHandleVerifier [0x00007FF630AB933D+3410093]\n\tGetHandleVerifier [0x00007FF630ACE7DD+3497293]\n\tGetHandleVerifier [0x00007FF630AC2A73+3448803]\n\tGetHandleVerifier [0x00007FF630847BBB+848171]\n\t(No symbol) [0x00007FF6306F3C3F]\n\t(No symbol) [0x00007FF6306EF6E4]\n\t(No symbol) [0x00007FF6306EF87D]\n\t(No symbol) [0x00007FF6306DED49]\n\tBaseThreadInitThunk [0x00007FFC2587257D+29]\n\tRtlUserThreadStart [0x00007FFC264EAF28+40]\n\n", "trace": "  File \"C:\\Users\\somwansa\\PycharmProjects\\BehaveDemoProject\\venv\\Lib\\site-packages\\behave\\model.py\", line 1329, in run\n    match.run(runner.context)\n  File \"C:\\Users\\somwansa\\PycharmProjects\\BehaveDemoProject\\venv\\Lib\\site-packages\\behave\\matchers.py\", line 98, in run\n    self.func(context, *args, **kwargs)\n  File \"features\\steps\\HRMLoginsteps.py\", line 42, in VerifyPage\n    assert False, f\"Test got failed: {e}\"\n"}, "start": 1735202600453, "stop": 1735202633490}], "parameters": [{"name": "username", "value": "admin"}, {"name": "password", "value": "adminxy"}], "start": 1735202591018, "stop": 1735202633493, "uuid": "1ace41fd-99f0-4a75-9872-bd362bd5983e", "historyId": "cbf210c3d04ecab1c0d165ceeadbf61d", "fullName": "OrangeHRM Login: Login to OrangeHRM with multiple parameters", "labels": [{"name": "severity", "value": "normal"}, {"name": "tag", "value": "multiple_login"}, {"name": "feature", "value": "OrangeHRM Login"}, {"name": "framework", "value": "behave"}, {"name": "language", "value": "cpython3"}]}