{"name": "Login to OrangeHRM with multiple parameters -- @1.1 ", "status": "failed", "statusDetails": {"message": "AssertionError: Test got failed: Message: \nStacktrace:\n\tGetHandleVerifier [0x00007FF63897FB05+28789]\n\t(No symbol) [0x00007FF6388E86E0]\n\t(No symbol) [0x00007FF63878592A]\n\t(No symbol) [0x00007FF6387D930E]\n\t(No symbol) [0x00007FF6387D95FC]\n\t(No symbol) [0x00007FF6388228A7]\n\t(No symbol) [0x00007FF6387FF47F]\n\t(No symbol) [0x00007FF63881F654]\n\t(No symbol) [0x00007FF6387FF1E3]\n\t(No symbol) [0x00007FF6387CA938]\n\t(No symbol) [0x00007FF6387CBAA1]\n\tGetHandleVerifier [0x00007FF638CB933D+3410093]\n\tGetHandleVerifier [0x00007FF638CCE7DD+3497293]\n\tGetHandleVerifier [0x00007FF638CC2A73+3448803]\n\tGetHandleVerifier [0x00007FF638A47BBB+848171]\n\t(No symbol) [0x00007FF6388F3C3F]\n\t(No symbol) [0x00007FF6388EF6E4]\n\t(No symbol) [0x00007FF6388EF87D]\n\t(No symbol) [0x00007FF6388DED49]\n\tBaseThreadInitThunk [0x00007FF80542257D+29]\n\tRtlUserThreadStart [0x00007FF8065CAF28+40]\n\n", "trace": "  File \"C:\\Users\\somwansa\\PycharmProjects\\BehaveDemoProject\\venv\\Lib\\site-packages\\behave\\model.py\", line 1329, in run\n    match.run(runner.context)\n  File \"C:\\Users\\somwansa\\PycharmProjects\\BehaveDemoProject\\venv\\Lib\\site-packages\\behave\\matchers.py\", line 98, in run\n    self.func(context, *args, **kwargs)\n  File \"features\\steps\\HRMLoginsteps.py\", line 42, in VerifyPage\n    assert False, f\"Test got failed: {e}\"\n"}, "steps": [{"name": "Given I launch chrome browser", "status": "passed", "start": 1734982951557, "stop": 1734982952778}, {"name": "When I open orange hrm homepage", "status": "passed", "start": 1734982952778, "stop": 1734982958655}, {"name": "And Enter username \"Admin\" and password \"admin123\"", "status": "passed", "start": 1734982958655, "stop": 1734982959783}, {"name": "And Click on Login button", "status": "passed", "start": 1734982959783, "stop": 1734982961560}, {"name": "Then User must successfully login to the HRM Dashboard page", "status": "failed", "statusDetails": {"message": "AssertionError: Test got failed: Message: \nStacktrace:\n\tGetHandleVerifier [0x00007FF63897FB05+28789]\n\t(No symbol) [0x00007FF6388E86E0]\n\t(No symbol) [0x00007FF63878592A]\n\t(No symbol) [0x00007FF6387D930E]\n\t(No symbol) [0x00007FF6387D95FC]\n\t(No symbol) [0x00007FF6388228A7]\n\t(No symbol) [0x00007FF6387FF47F]\n\t(No symbol) [0x00007FF63881F654]\n\t(No symbol) [0x00007FF6387FF1E3]\n\t(No symbol) [0x00007FF6387CA938]\n\t(No symbol) [0x00007FF6387CBAA1]\n\tGetHandleVerifier [0x00007FF638CB933D+3410093]\n\tGetHandleVerifier [0x00007FF638CCE7DD+3497293]\n\tGetHandleVerifier [0x00007FF638CC2A73+3448803]\n\tGetHandleVerifier [0x00007FF638A47BBB+848171]\n\t(No symbol) [0x00007FF6388F3C3F]\n\t(No symbol) [0x00007FF6388EF6E4]\n\t(No symbol) [0x00007FF6388EF87D]\n\t(No symbol) [0x00007FF6388DED49]\n\tBaseThreadInitThunk [0x00007FF80542257D+29]\n\tRtlUserThreadStart [0x00007FF8065CAF28+40]\n\n", "trace": "  File \"C:\\Users\\somwansa\\PycharmProjects\\BehaveDemoProject\\venv\\Lib\\site-packages\\behave\\model.py\", line 1329, in run\n    match.run(runner.context)\n  File \"C:\\Users\\somwansa\\PycharmProjects\\BehaveDemoProject\\venv\\Lib\\site-packages\\behave\\matchers.py\", line 98, in run\n    self.func(context, *args, **kwargs)\n  File \"features\\steps\\HRMLoginsteps.py\", line 42, in VerifyPage\n    assert False, f\"Test got failed: {e}\"\n"}, "start": 1734982961560, "stop": 1734982992868}], "parameters": [{"name": "username", "value": "Admin"}, {"name": "password", "value": "admin123"}], "start": 1734982951556, "stop": 1734982992869, "uuid": "1a8c0615-dced-4d67-a6f3-34063e965f0b", "historyId": "4b28378ec60773169eba55a6c077cd51", "fullName": "OrangeHRM Login: Login to OrangeHRM with multiple parameters", "labels": [{"name": "severity", "value": "normal"}, {"name": "tag", "value": "multiple_login"}, {"name": "feature", "value": "OrangeHRM Login"}, {"name": "framework", "value": "behave"}, {"name": "language", "value": "cpython3"}]}