{"name": "Login to OrangeHRM with multiple parameters -- @1.3 ", "status": "failed", "statusDetails": {"message": "AssertionError: Test got failed: Message: \nStacktrace:\n\tGetHandleVerifier [0x00007FF63897FB05+28789]\n\t(No symbol) [0x00007FF6388E86E0]\n\t(No symbol) [0x00007FF63878592A]\n\t(No symbol) [0x00007FF6387D930E]\n\t(No symbol) [0x00007FF6387D95FC]\n\t(No symbol) [0x00007FF6388228A7]\n\t(No symbol) [0x00007FF6387FF47F]\n\t(No symbol) [0x00007FF63881F654]\n\t(No symbol) [0x00007FF6387FF1E3]\n\t(No symbol) [0x00007FF6387CA938]\n\t(No symbol) [0x00007FF6387CBAA1]\n\tGetHandleVerifier [0x00007FF638CB933D+3410093]\n\tGetHandleVerifier [0x00007FF638CCE7DD+3497293]\n\tGetHandleVerifier [0x00007FF638CC2A73+3448803]\n\tGetHandleVerifier [0x00007FF638A47BBB+848171]\n\t(No symbol) [0x00007FF6388F3C3F]\n\t(No symbol) [0x00007FF6388EF6E4]\n\t(No symbol) [0x00007FF6388EF87D]\n\t(No symbol) [0x00007FF6388DED49]\n\tBaseThreadInitThunk [0x00007FF80542257D+29]\n\tRtlUserThreadStart [0x00007FF8065CAF28+40]\n\n", "trace": "  File \"C:\\Users\\somwansa\\PycharmProjects\\BehaveDemoProject\\venv\\Lib\\site-packages\\behave\\model.py\", line 1329, in run\n    match.run(runner.context)\n  File \"C:\\Users\\somwansa\\PycharmProjects\\BehaveDemoProject\\venv\\Lib\\site-packages\\behave\\matchers.py\", line 98, in run\n    self.func(context, *args, **kwargs)\n  File \"features\\steps\\HRMLoginsteps.py\", line 42, in VerifyPage\n    assert False, f\"Test got failed: {e}\"\n"}, "steps": [{"name": "Given I launch chrome browser", "status": "passed", "start": 1734983035488, "stop": 1734983036692}, {"name": "When I open orange hrm homepage", "status": "passed", "start": 1734983036692, "stop": 1734983042908}, {"name": "And Enter username \"adminxy\" and password \"admin123\"", "status": "passed", "start": 1734983042908, "stop": 1734983044107}, {"name": "And Click on Login button", "status": "passed", "start": 1734983044107, "stop": 1734983044219}, {"name": "Then User must successfully login to the HRM Dashboard page", "status": "failed", "statusDetails": {"message": "AssertionError: Test got failed: Message: \nStacktrace:\n\tGetHandleVerifier [0x00007FF63897FB05+28789]\n\t(No symbol) [0x00007FF6388E86E0]\n\t(No symbol) [0x00007FF63878592A]\n\t(No symbol) [0x00007FF6387D930E]\n\t(No symbol) [0x00007FF6387D95FC]\n\t(No symbol) [0x00007FF6388228A7]\n\t(No symbol) [0x00007FF6387FF47F]\n\t(No symbol) [0x00007FF63881F654]\n\t(No symbol) [0x00007FF6387FF1E3]\n\t(No symbol) [0x00007FF6387CA938]\n\t(No symbol) [0x00007FF6387CBAA1]\n\tGetHandleVerifier [0x00007FF638CB933D+3410093]\n\tGetHandleVerifier [0x00007FF638CCE7DD+3497293]\n\tGetHandleVerifier [0x00007FF638CC2A73+3448803]\n\tGetHandleVerifier [0x00007FF638A47BBB+848171]\n\t(No symbol) [0x00007FF6388F3C3F]\n\t(No symbol) [0x00007FF6388EF6E4]\n\t(No symbol) [0x00007FF6388EF87D]\n\t(No symbol) [0x00007FF6388DED49]\n\tBaseThreadInitThunk [0x00007FF80542257D+29]\n\tRtlUserThreadStart [0x00007FF8065CAF28+40]\n\n", "trace": "  File \"C:\\Users\\somwansa\\PycharmProjects\\BehaveDemoProject\\venv\\Lib\\site-packages\\behave\\model.py\", line 1329, in run\n    match.run(runner.context)\n  File \"C:\\Users\\somwansa\\PycharmProjects\\BehaveDemoProject\\venv\\Lib\\site-packages\\behave\\matchers.py\", line 98, in run\n    self.func(context, *args, **kwargs)\n  File \"features\\steps\\HRMLoginsteps.py\", line 42, in VerifyPage\n    assert False, f\"Test got failed: {e}\"\n"}, "start": 1734983044219, "stop": 1734983076891}], "parameters": [{"name": "username", "value": "adminxy"}, {"name": "password", "value": "admin123"}], "start": 1734983035486, "stop": 1734983076892, "uuid": "ad497978-cafa-4d6b-a69d-d42af749b49b", "historyId": "58a51af79310aacf03889717e4314966", "fullName": "OrangeHRM Login: Login to OrangeHRM with multiple parameters", "labels": [{"name": "severity", "value": "normal"}, {"name": "tag", "value": "multiple_login"}, {"name": "feature", "value": "OrangeHRM Login"}, {"name": "framework", "value": "behave"}, {"name": "language", "value": "cpython3"}]}