{"name": "Login to OrangeHRM with multiple parameters -- @1.2 ", "status": "failed", "statusDetails": {"message": "AssertionError: Test got failed: Message: \nStacktrace:\n\tGetHandleVerifier [0x00007FF63897FB05+28789]\n\t(No symbol) [0x00007FF6388E86E0]\n\t(No symbol) [0x00007FF63878592A]\n\t(No symbol) [0x00007FF6387D930E]\n\t(No symbol) [0x00007FF6387D95FC]\n\t(No symbol) [0x00007FF6388228A7]\n\t(No symbol) [0x00007FF6387FF47F]\n\t(No symbol) [0x00007FF63881F654]\n\t(No symbol) [0x00007FF6387FF1E3]\n\t(No symbol) [0x00007FF6387CA938]\n\t(No symbol) [0x00007FF6387CBAA1]\n\tGetHandleVerifier [0x00007FF638CB933D+3410093]\n\tGetHandleVerifier [0x00007FF638CCE7DD+3497293]\n\tGetHandleVerifier [0x00007FF638CC2A73+3448803]\n\tGetHandleVerifier [0x00007FF638A47BBB+848171]\n\t(No symbol) [0x00007FF6388F3C3F]\n\t(No symbol) [0x00007FF6388EF6E4]\n\t(No symbol) [0x00007FF6388EF87D]\n\t(No symbol) [0x00007FF6388DED49]\n\tBaseThreadInitThunk [0x00007FF80542257D+29]\n\tRtlUserThreadStart [0x00007FF8065CAF28+40]\n\n", "trace": "  File \"C:\\Users\\somwansa\\PycharmProjects\\BehaveDemoProject\\venv\\Lib\\site-packages\\behave\\model.py\", line 1329, in run\n    match.run(runner.context)\n  File \"C:\\Users\\somwansa\\PycharmProjects\\BehaveDemoProject\\venv\\Lib\\site-packages\\behave\\matchers.py\", line 98, in run\n    self.func(context, *args, **kwargs)\n  File \"features\\steps\\HRMLoginsteps.py\", line 42, in VerifyPage\n    assert False, f\"Test got failed: {e}\"\n"}, "steps": [{"name": "Given I launch chrome browser", "status": "passed", "start": 1734982992871, "stop": 1734982994138}, {"name": "When I open orange hrm homepage", "status": "passed", "start": 1734982994138, "stop": 1734983000614}, {"name": "And Enter username \"admin123\" and password \"Admin\"", "status": "passed", "start": 1734983000614, "stop": 1734983002068}, {"name": "And Click on Login button", "status": "passed", "start": 1734983002068, "stop": 1734983004209}, {"name": "Then User must successfully login to the HRM Dashboard page", "status": "failed", "statusDetails": {"message": "AssertionError: Test got failed: Message: \nStacktrace:\n\tGetHandleVerifier [0x00007FF63897FB05+28789]\n\t(No symbol) [0x00007FF6388E86E0]\n\t(No symbol) [0x00007FF63878592A]\n\t(No symbol) [0x00007FF6387D930E]\n\t(No symbol) [0x00007FF6387D95FC]\n\t(No symbol) [0x00007FF6388228A7]\n\t(No symbol) [0x00007FF6387FF47F]\n\t(No symbol) [0x00007FF63881F654]\n\t(No symbol) [0x00007FF6387FF1E3]\n\t(No symbol) [0x00007FF6387CA938]\n\t(No symbol) [0x00007FF6387CBAA1]\n\tGetHandleVerifier [0x00007FF638CB933D+3410093]\n\tGetHandleVerifier [0x00007FF638CCE7DD+3497293]\n\tGetHandleVerifier [0x00007FF638CC2A73+3448803]\n\tGetHandleVerifier [0x00007FF638A47BBB+848171]\n\t(No symbol) [0x00007FF6388F3C3F]\n\t(No symbol) [0x00007FF6388EF6E4]\n\t(No symbol) [0x00007FF6388EF87D]\n\t(No symbol) [0x00007FF6388DED49]\n\tBaseThreadInitThunk [0x00007FF80542257D+29]\n\tRtlUserThreadStart [0x00007FF8065CAF28+40]\n\n", "trace": "  File \"C:\\Users\\somwansa\\PycharmProjects\\BehaveDemoProject\\venv\\Lib\\site-packages\\behave\\model.py\", line 1329, in run\n    match.run(runner.context)\n  File \"C:\\Users\\somwansa\\PycharmProjects\\BehaveDemoProject\\venv\\Lib\\site-packages\\behave\\matchers.py\", line 98, in run\n    self.func(context, *args, **kwargs)\n  File \"features\\steps\\HRMLoginsteps.py\", line 42, in VerifyPage\n    assert False, f\"Test got failed: {e}\"\n"}, "start": 1734983004210, "stop": 1734983035484}], "parameters": [{"name": "username", "value": "admin123"}, {"name": "password", "value": "Admin"}], "start": 1734982992870, "stop": 1734983035485, "uuid": "d01b077f-a4ae-4565-b0c6-4fbde78d0b68", "historyId": "56557d67657a8981e62431e8991abd5f", "fullName": "OrangeHRM Login: Login to OrangeHRM with multiple parameters", "labels": [{"name": "severity", "value": "normal"}, {"name": "tag", "value": "multiple_login"}, {"name": "feature", "value": "OrangeHRM Login"}, {"name": "framework", "value": "behave"}, {"name": "language", "value": "cpython3"}]}