{"name": "Login to OrangeHRM with valid parameter", "status": "failed", "statusDetails": {"message": "AssertionError: Test got failed: Message: \nStacktrace:\n\tGetHandleVerifier [0x00007FF63897FB05+28789]\n\t(No symbol) [0x00007FF6388E86E0]\n\t(No symbol) [0x00007FF63878592A]\n\t(No symbol) [0x00007FF6387D930E]\n\t(No symbol) [0x00007FF6387D95FC]\n\t(No symbol) [0x00007FF6388228A7]\n\t(No symbol) [0x00007FF6387FF47F]\n\t(No symbol) [0x00007FF63881F654]\n\t(No symbol) [0x00007FF6387FF1E3]\n\t(No symbol) [0x00007FF6387CA938]\n\t(No symbol) [0x00007FF6387CBAA1]\n\tGetHandleVerifier [0x00007FF638CB933D+3410093]\n\tGetHandleVerifier [0x00007FF638CCE7DD+3497293]\n\tGetHandleVerifier [0x00007FF638CC2A73+3448803]\n\tGetHandleVerifier [0x00007FF638A47BBB+848171]\n\t(No symbol) [0x00007FF6388F3C3F]\n\t(No symbol) [0x00007FF6388EF6E4]\n\t(No symbol) [0x00007FF6388EF87D]\n\t(No symbol) [0x00007FF6388DED49]\n\tBaseThreadInitThunk [0x00007FF80542257D+29]\n\tRtlUserThreadStart [0x00007FF8065CAF28+40]\n\n", "trace": "  File \"C:\\Users\\somwansa\\PycharmProjects\\BehaveDemoProject\\venv\\Lib\\site-packages\\behave\\model.py\", line 1329, in run\n    match.run(runner.context)\n  File \"C:\\Users\\somwansa\\PycharmProjects\\BehaveDemoProject\\venv\\Lib\\site-packages\\behave\\matchers.py\", line 98, in run\n    self.func(context, *args, **kwargs)\n  File \"features\\steps\\HRMLoginsteps.py\", line 42, in VerifyPage\n    assert False, f\"Test got failed: {e}\"\n"}, "steps": [{"name": "Given I launch chrome browser", "status": "passed", "start": 1734982910703, "stop": 1734982912184}, {"name": "When I open orange hrm homepage", "status": "passed", "start": 1734982912184, "stop": 1734982917482}, {"name": "And Enter username \"Admin\" and password \"admin123\"", "status": "passed", "start": 1734982917482, "stop": 1734982918527}, {"name": "And Click on Login button", "status": "passed", "start": 1734982918527, "stop": 1734982920304}, {"name": "Then User must successfully login to the HRM Dashboard page", "status": "failed", "statusDetails": {"message": "AssertionError: Test got failed: Message: \nStacktrace:\n\tGetHandleVerifier [0x00007FF63897FB05+28789]\n\t(No symbol) [0x00007FF6388E86E0]\n\t(No symbol) [0x00007FF63878592A]\n\t(No symbol) [0x00007FF6387D930E]\n\t(No symbol) [0x00007FF6387D95FC]\n\t(No symbol) [0x00007FF6388228A7]\n\t(No symbol) [0x00007FF6387FF47F]\n\t(No symbol) [0x00007FF63881F654]\n\t(No symbol) [0x00007FF6387FF1E3]\n\t(No symbol) [0x00007FF6387CA938]\n\t(No symbol) [0x00007FF6387CBAA1]\n\tGetHandleVerifier [0x00007FF638CB933D+3410093]\n\tGetHandleVerifier [0x00007FF638CCE7DD+3497293]\n\tGetHandleVerifier [0x00007FF638CC2A73+3448803]\n\tGetHandleVerifier [0x00007FF638A47BBB+848171]\n\t(No symbol) [0x00007FF6388F3C3F]\n\t(No symbol) [0x00007FF6388EF6E4]\n\t(No symbol) [0x00007FF6388EF87D]\n\t(No symbol) [0x00007FF6388DED49]\n\tBaseThreadInitThunk [0x00007FF80542257D+29]\n\tRtlUserThreadStart [0x00007FF8065CAF28+40]\n\n", "trace": "  File \"C:\\Users\\somwansa\\PycharmProjects\\BehaveDemoProject\\venv\\Lib\\site-packages\\behave\\model.py\", line 1329, in run\n    match.run(runner.context)\n  File \"C:\\Users\\somwansa\\PycharmProjects\\BehaveDemoProject\\venv\\Lib\\site-packages\\behave\\matchers.py\", line 98, in run\n    self.func(context, *args, **kwargs)\n  File \"features\\steps\\HRMLoginsteps.py\", line 42, in VerifyPage\n    assert False, f\"Test got failed: {e}\"\n"}, "start": 1734982920304, "stop": 1734982951553}], "start": 1734982910702, "stop": 1734982951554, "uuid": "d135ce29-3588-446e-98d5-aca7cf8000c2", "historyId": "cf10773bdbbc7b33263e5be937080a59", "fullName": "OrangeHRM Login: Login to OrangeHRM with valid parameter", "labels": [{"name": "severity", "value": "normal"}, {"name": "tag", "value": "valid_login"}, {"name": "feature", "value": "OrangeHRM Login"}, {"name": "framework", "value": "behave"}, {"name": "language", "value": "cpython3"}]}